<?xml version="1.0" encoding="UTF-8"?>
<!-- Generated by org.testng.reporters.JUnitXMLReporter -->
<testsuite hostname="Pirates-PC" name="Surefire test" tests="3" failures="0" timestamp="4 May 2020 13:33:52 GMT" time="65.353" errors="0">
  <testcase name="TestLogIn" time="54.3" classname="com.invoicingyou.qa.testcases.GeneralInvoiceTest"/>
  <testcase name="OpenGeneralInvPage" time="1.014" classname="com.invoicingyou.qa.testcases.GeneralInvoiceTest"/>
  <testcase name="CreateGeneralInvPage" time="10.023" classname="com.invoicingyou.qa.testcases.GeneralInvoiceTest"/>
</testsuite> <!-- Surefire test -->
